#
# A fatal error has been detected by the Java Runtime Environment:
#
#  SIGSEGV (0xb) at pc=0x000000010948b480, pid=1950, tid=0x0000000000000307
#
# JRE version: Java(TM) SE Runtime Environment (8.0_181-b13) (build 1.8.0_181-b13)
# Java VM: Java HotSpot(TM) 64-Bit Server VM (25.181-b13 mixed mode bsd-amd64 compressed oops)
# Problematic frame:
# V  [libjvm.dylib+0x48b480]  SR_handler(int, __siginfo*, __darwin_ucontext*)+0x2e
#
# Failed to write core dump. Core dumps have been disabled. To enable core dumping, try "ulimit -c unlimited" before starting Java again
#
# If you would like to submit a bug report, please visit:
#   http://bugreport.java.com/bugreport/crash.jsp
#

---------------  T H R E A D  ---------------

Current thread is native thread

siginfo: si_signo: 11 (SIGSEGV), si_code: 1 (SEGV_MAPERR), si_addr: 0x0000000000000128

Registers:
RAX=0x0000000000000000, RBX=0x00007ffee74f0e60, RCX=0x00007fffb864b3c8, RDX=0x00007ffee74f0e60
RSP=0x00007ffee74f0990, RBP=0x00007ffee74f09c0, RSI=0x00007ffee74f0df8, RDI=0x0000000000000109
R8 =0x00007ffee74f0e60, R9 =0x00000000ffffffff, R10=0x0000000000000c00, R11=0x0000000000000206
R12=0x0000000000000c00, R13=0x0000000007000806, R14=0x00007ffee74f0df8, R15=0x0000000000000002
RIP=0x000000010948b480, EFLAGS=0x0000000000010202, ERR=0x0000000000000004
  TRAPNO=0x000000000000000e

Top of Stack: (sp=0x00007ffee74f0990)
0x00007ffee74f0990:   000000005b3cacea 00007ffee74f0e60
0x00007ffee74f09a0:   0000000000000c00 0000000007000806
0x00007ffee74f09b0:   00007ffee74f10d0 00000000ffffffff
0x00007ffee74f09c0:   00007ffee74f09d0 00007fff7fe45f5a
0x00007ffee74f09d0:   00007ffee74f0f70 00007fff7ef115b1
0x00007ffee74f09e0:   00007fffb1f01470 0000000000000000
0x00007ffee74f09f0:   0100001f00000085 00007fffb1efc100
0x00007ffee74f0a00:   0000000010004005 0000000007000806
0x00007ffee74f0a10:   00007ffee74f0f18 0000000000000000
0x00007ffee74f0a20:   00007ffee74f10d0 0000000007000806
0x00007ffee74f0a30:   00007ffee74f0f70 00007ffee74f0f18
0x00007ffee74f0a40:   0000000000000b03 00000000ffffffff
0x00007ffee74f0a50:   0000000000000c00 0000000000000206
0x00007ffee74f0a60:   0000000000000c00 0000000007000806
0x00007ffee74f0a70:   00007ffee74f10d0 00000000ffffffff
0x00007ffee74f0a80:   00007fff7fc7e20a 0000000000000206
0x00007ffee74f0a90:   0000000000000007 0000000000000000
0x00007ffee74f0aa0:   0000000000000000 0000000000000000
0x00007ffee74f0ab0:   000000000000037f 0000000000000000
0x00007ffee74f0ac0:   0000000000000000 0000ffff00001fa1
0x00007ffee74f0ad0:   000000000002cd37 000000000000ffff
0x00007ffee74f0ae0:   0001ffffed351bef 000000000000ffff
0x00007ffee74f0af0:   000000000001ffff 000000000000ffff
0x00007ffee74f0b00:   0000000000000000 0000000000000000
0x00007ffee74f0b10:   0000000000000000 0000000000000000
0x00007ffee74f0b20:   00000000ff73ff94 000000000000ffff
0x00007ffee74f0b30:   0000000015815451 000000000000ffff
0x00007ffee74f0b40:   00000000ff700000 000000000000ffff
0x00007ffee74f0b50:   41c089732fe8a7d6 0000000000000000
0x00007ffee74f0b60:   3fea29f59ccfaeff 0000000000000000
0x00007ffee74f0b70:   4415af1d78b58c40 0000000000000000
0x00007ffee74f0b80:   c3e0000000000000 0000000000000000 

Instructions: (pc=0x000000010948b480)
0x000000010948b460:   83 ec 08 48 89 d3 49 89 f6 e8 30 48 14 00 44 8b
0x000000010948b470:   38 48 8d 05 08 31 3b 00 48 63 38 e8 00 4b 14 00
0x000000010948b480:   4c 8b a0 28 01 00 00 41 83 7c 24 34 01 0f 85 e2
0x000000010948b490:   00 00 00 49 89 5c 24 40 4d 89 74 24 38 49 8d 5c 

Register to memory mapping:

RAX=0x0000000000000000 is an unknown value
RBX=0x00007ffee74f0e60 is an unknown value
RCX=0x00007fffb864b3c8: _thread+0x48 in /usr/lib/system/libsystem_pthread.dylib at 0x00007fff7fe4c000
RDX=0x00007ffee74f0e60 is an unknown value
RSP=0x00007ffee74f0990 is an unknown value
RBP=0x00007ffee74f09c0 is an unknown value
RSI=0x00007ffee74f0df8 is an unknown value
RDI=0x0000000000000109 is an unknown value
R8 =0x00007ffee74f0e60 is an unknown value
R9 =0x00000000ffffffff is an unknown value
R10=0x0000000000000c00 is an unknown value
R11=0x0000000000000206 is an unknown value
R12=0x0000000000000c00 is an unknown value
R13=0x0000000007000806 is an unknown value
R14=0x00007ffee74f0df8 is an unknown value
R15=0x0000000000000002 is an unknown value


Stack: [0x00007ffee6cf6000,0x00007ffee74f6000],  sp=0x00007ffee74f0990,  free space=8170k
Native frames: (J=compiled Java code, j=interpreted, Vv=VM code, C=native code)
V  [libjvm.dylib+0x48b480]  SR_handler(int, __siginfo*, __darwin_ucontext*)+0x2e
C  [libsystem_platform.dylib+0x1f5a]  _sigtramp+0x1a
C  [libobjc.A.dylib+0x85b1]  _objc_fetch_pthread_data+0x22
C  [CoreFoundation+0x86785]  __CFRunLoopServiceMachPort+0x155
C  [CoreFoundation+0x85ad7]  __CFRunLoopRun+0x6f7
C  [CoreFoundation+0x85153]  CFRunLoopRunSpecific+0x1e3
C  [java+0x646e]  CreateExecutionEnvironment+0x367
C  [java+0x203c]  JLI_Launch+0x7a0
C  [java+0x84cb]  main+0x65
C  [java+0x1894]  start+0x34


---------------  P R O C E S S  ---------------

VM state:not at safepoint (normal execution)

VM Mutex/Monitor currently owned by a thread: None

Heap:
 PSYoungGen      total 38400K, used 12841K [0x0000000795580000, 0x000000079a080000, 0x00000007c0000000)
  eden space 33280K, 38% used [0x0000000795580000,0x000000079620a560,0x0000000797600000)
  from space 5120K, 0% used [0x0000000799b80000,0x0000000799b80000,0x000000079a080000)
  to   space 5120K, 0% used [0x0000000797600000,0x0000000797600000,0x0000000797b00000)
 ParOldGen       total 63488K, used 8131K [0x0000000740000000, 0x0000000743e00000, 0x0000000795580000)
  object space 63488K, 12% used [0x0000000740000000,0x00000007407f0cb8,0x0000000743e00000)
 Metaspace       used 21875K, capacity 22830K, committed 23040K, reserved 1069056K
  class space    used 3015K, capacity 3271K, committed 3328K, reserved 1048576K

Card table byte_map: [0x000000010a385000,0x000000010a786000] byte_map_base: 0x0000000106985000

Marking Bits: (ParMarkBitMap*) 0x00000001098f9cd0
 Begin Bits: [0x000000011b70a000, 0x000000011d70a000)
 End Bits:   [0x000000011d70a000, 0x000000011f70a000)

Polling page: 0x00000001087b9000

CodeCache: size=245760Kb used=5748Kb max_used=5761Kb free=240011Kb
 bounds [0x000000010c70a000, 0x000000010ccba000, 0x000000011b70a000]
 total_blobs=2325 nmethods=1888 adapters=350
 compilation: enabled

Compilation events (10 events):
Event: 6.536 Thread 0x00007fcc3200b000 nmethod 1883 0x000000010cc9ff50 code [0x000000010cca00a0, 0x000000010cca01b0]
Event: 6.539 Thread 0x00007fcc31054000 nmethod 1884 0x000000010ccad050 code [0x000000010ccad1e0, 0x000000010ccad628]
Event: 6.539 Thread 0x00007fcc31054000 1886  s    4       java.lang.StringBuffer::append (13 bytes)
Event: 6.544 Thread 0x00007fcc3200b000 1888       3       java.util.Optional::of (9 bytes)
Event: 6.544 Thread 0x00007fcc3200b000 nmethod 1888 0x000000010cc9f7d0 code [0x000000010cc9f960, 0x000000010cc9fd08]
Event: 6.544 Thread 0x00007fcc3200b000 1887       3       java.util.stream.Sink::end (1 bytes)
Event: 6.544 Thread 0x00007fcc3200b000 nmethod 1887 0x000000010ccacd50 code [0x000000010ccacea0, 0x000000010ccacff0]
Event: 6.544 Thread 0x00007fcc3200b000 1889       1       java.nio.channels.spi.AbstractInterruptibleChannel::isOpen (5 bytes)
Event: 6.544 Thread 0x00007fcc3200b000 nmethod 1889 0x000000010ccaca90 code [0x000000010ccacbe0, 0x000000010ccaccf0]
Event: 6.549 Thread 0x00007fcc31054000 nmethod 1886 0x000000010ccaa890 code [0x000000010ccaaa00, 0x000000010ccab118]

GC Heap History (6 events):
Event: 0.900 GC heap before
{Heap before GC invocations=1 (full 0):
 PSYoungGen      total 38400K, used 33280K [0x0000000795580000, 0x0000000798000000, 0x00000007c0000000)
  eden space 33280K, 100% used [0x0000000795580000,0x0000000797600000,0x0000000797600000)
  from space 5120K, 0% used [0x0000000797b00000,0x0000000797b00000,0x0000000798000000)
  to   space 5120K, 0% used [0x0000000797600000,0x0000000797600000,0x0000000797b00000)
 ParOldGen       total 87552K, used 0K [0x0000000740000000, 0x0000000745580000, 0x0000000795580000)
  object space 87552K, 0% used [0x0000000740000000,0x0000000740000000,0x0000000745580000)
 Metaspace       used 13724K, capacity 14168K, committed 14208K, reserved 1060864K
  class space    used 1771K, capacity 1910K, committed 1920K, reserved 1048576K
Event: 0.912 GC heap after
Heap after GC invocations=1 (full 0):
 PSYoungGen      total 38400K, used 5117K [0x0000000795580000, 0x000000079a080000, 0x00000007c0000000)
  eden space 33280K, 0% used [0x0000000795580000,0x0000000795580000,0x0000000797600000)
  from space 5120K, 99% used [0x0000000797600000,0x0000000797aff520,0x0000000797b00000)
  to   space 5120K, 0% used [0x0000000799b80000,0x0000000799b80000,0x000000079a080000)
 ParOldGen       total 87552K, used 2399K [0x0000000740000000, 0x0000000745580000, 0x0000000795580000)
  object space 87552K, 2% used [0x0000000740000000,0x0000000740257dd8,0x0000000745580000)
 Metaspace       used 13724K, capacity 14168K, committed 14208K, reserved 1060864K
  class space    used 1771K, capacity 1910K, committed 1920K, reserved 1048576K
}
Event: 3.090 GC heap before
{Heap before GC invocations=2 (full 0):
 PSYoungGen      total 38400K, used 35843K [0x0000000795580000, 0x000000079a080000, 0x00000007c0000000)
  eden space 33280K, 92% used [0x0000000795580000,0x0000000797381760,0x0000000797600000)
  from space 5120K, 99% used [0x0000000797600000,0x0000000797aff520,0x0000000797b00000)
  to   space 5120K, 0% used [0x0000000799b80000,0x0000000799b80000,0x000000079a080000)
 ParOldGen       total 87552K, used 2399K [0x0000000740000000, 0x0000000745580000, 0x0000000795580000)
  object space 87552K, 2% used [0x0000000740000000,0x0000000740257dd8,0x0000000745580000)
 Metaspace       used 20337K, capacity 21226K, committed 21296K, reserved 1067008K
  class space    used 2710K, capacity 2933K, committed 2944K, reserved 1048576K
Event: 3.099 GC heap after
Heap after GC invocations=2 (full 0):
 PSYoungGen      total 38400K, used 5089K [0x0000000795580000, 0x000000079a080000, 0x00000007c0000000)
  eden space 33280K, 0% used [0x0000000795580000,0x0000000795580000,0x0000000797600000)
  from space 5120K, 99% used [0x0000000799b80000,0x000000079a078780,0x000000079a080000)
  to   space 5120K, 0% used [0x0000000797600000,0x0000000797600000,0x0000000797b00000)
 ParOldGen       total 87552K, used 5668K [0x0000000740000000, 0x0000000745580000, 0x0000000795580000)
  object space 87552K, 6% used [0x0000000740000000,0x00000007405893e0,0x0000000745580000)
 Metaspace       used 20337K, capacity 21226K, committed 21296K, reserved 1067008K
  class space    used 2710K, capacity 2933K, committed 2944K, reserved 1048576K
}
Event: 3.099 GC heap before
{Heap before GC invocations=3 (full 1):
 PSYoungGen      total 38400K, used 5089K [0x0000000795580000, 0x000000079a080000, 0x00000007c0000000)
  eden space 33280K, 0% used [0x0000000795580000,0x0000000795580000,0x0000000797600000)
  from space 5120K, 99% used [0x0000000799b80000,0x000000079a078780,0x000000079a080000)
  to   space 5120K, 0% used [0x0000000797600000,0x0000000797600000,0x0000000797b00000)
 ParOldGen       total 87552K, used 5668K [0x0000000740000000, 0x0000000745580000, 0x0000000795580000)
  object space 87552K, 6% used [0x0000000740000000,0x00000007405893e0,0x0000000745580000)
 Metaspace       used 20337K, capacity 21226K, committed 21296K, reserved 1067008K
  class space    used 2710K, capacity 2933K, committed 2944K, reserved 1048576K
Event: 3.133 GC heap after
Heap after GC invocations=3 (full 1):
 PSYoungGen      total 38400K, used 0K [0x0000000795580000, 0x000000079a080000, 0x00000007c0000000)
  eden space 33280K, 0% used [0x0000000795580000,0x0000000795580000,0x0000000797600000)
  from space 5120K, 0% used [0x0000000799b80000,0x0000000799b80000,0x000000079a080000)
  to   space 5120K, 0% used [0x0000000797600000,0x0000000797600000,0x0000000797b00000)
 ParOldGen       total 63488K, used 8131K [0x0000000740000000, 0x0000000743e00000, 0x0000000795580000)
  object space 63488K, 12% used [0x0000000740000000,0x00000007407f0cb8,0x0000000743e00000)
 Metaspace       used 20331K, capacity 21210K, committed 21296K, reserved 1067008K
  class space    used 2707K, capacity 2929K, committed 2944K, reserved 1048576K
}

Deoptimization events (10 events):
Event: 1.918 Thread 0x00007fcc31a36800 Uncommon trap: reason=unstable_if action=reinterpret pc=0x000000010caf47a8 method=java.lang.CharacterDataLatin1.digit(II)I @ 82
Event: 3.156 Thread 0x00007fcc31a36800 Uncommon trap: reason=bimorphic action=maybe_recompile pc=0x000000010caed5f8 method=java.util.HashMap.putVal(ILjava/lang/Object;Ljava/lang/Object;ZZ)Ljava/lang/Object; @ 203
Event: 3.156 Thread 0x00007fcc31a36800 Uncommon trap: reason=bimorphic action=maybe_recompile pc=0x000000010caed5f8 method=java.util.HashMap.putVal(ILjava/lang/Object;Ljava/lang/Object;ZZ)Ljava/lang/Object; @ 203
Event: 3.160 Thread 0x00007fcc31a36800 Uncommon trap: reason=range_check action=make_not_entrant pc=0x000000010cc1ed08 method=sun.reflect.generics.parser.SignatureParser.current()C @ 34
Event: 3.170 Thread 0x00007fcc31a36800 Uncommon trap: reason=bimorphic action=maybe_recompile pc=0x000000010caed5f8 method=java.util.HashMap.putVal(ILjava/lang/Object;Ljava/lang/Object;ZZ)Ljava/lang/Object; @ 203
Event: 3.178 Thread 0x00007fcc31a36800 Uncommon trap: reason=bimorphic action=maybe_recompile pc=0x000000010caed5f8 method=java.util.HashMap.putVal(ILjava/lang/Object;Ljava/lang/Object;ZZ)Ljava/lang/Object; @ 203
Event: 3.297 Thread 0x00007fcc31a36800 Uncommon trap: reason=unstable_if action=reinterpret pc=0x000000010caeecdc method=java.lang.CharacterDataLatin1.digit(II)I @ 82
Event: 6.492 Thread 0x00007fcc31a36800 Uncommon trap: reason=unstable_if action=reinterpret pc=0x000000010c958494 method=java.util.HashMap.hash(Ljava/lang/Object;)I @ 1
Event: 6.492 Thread 0x00007fcc31a36800 Uncommon trap: reason=unstable_if action=reinterpret pc=0x000000010cc54bd4 method=java.util.HashMap.hash(Ljava/lang/Object;)I @ 1
Event: 6.492 Thread 0x00007fcc31a36800 Uncommon trap: reason=unstable_if action=reinterpret pc=0x000000010cc1c9e8 method=java.util.HashMap.hash(Ljava/lang/Object;)I @ 1

Classes redefined (0 events):
No events

Internal exceptions (10 events):
Event: 1.110 Thread 0x00007fcc32179800 Exception <a 'java/net/ConnectException'> (0x0000000795d99d20) thrown at [/Users/java_re/workspace/8-2-build-macosx-x86_64/jdk8u181/11358/hotspot/src/share/vm/prims/jni.cpp, line 709]
Event: 3.157 Thread 0x00007fcc31a36800 Exception <a 'java/lang/ArrayIndexOutOfBoundsException'> (0x00000007956fd620) thrown at [/Users/java_re/workspace/8-2-build-macosx-x86_64/jdk8u181/11358/hotspot/src/share/vm/runtime/sharedRuntime.cpp, line 605]
Event: 3.157 Thread 0x00007fcc31a36800 Exception <a 'java/lang/ArrayIndexOutOfBoundsException'> (0x00000007956ffc00) thrown at [/Users/java_re/workspace/8-2-build-macosx-x86_64/jdk8u181/11358/hotspot/src/share/vm/runtime/sharedRuntime.cpp, line 605]
Event: 3.160 Thread 0x00007fcc31a36800 Exception <a 'java/lang/ArrayIndexOutOfBoundsException': 76> (0x0000000795722388) thrown at [/Users/java_re/workspace/8-2-build-macosx-x86_64/jdk8u181/11358/hotspot/src/share/vm/interpreter/interpreterRuntime.cpp, line 366]
Event: 3.161 Thread 0x00007fcc31a36800 Exception <a 'java/lang/ArrayIndexOutOfBoundsException': 76> (0x000000079572c748) thrown at [/Users/java_re/workspace/8-2-build-macosx-x86_64/jdk8u181/11358/hotspot/src/share/vm/interpreter/interpreterRuntime.cpp, line 366]
Event: 3.162 Thread 0x00007fcc31a36800 Exception <a 'java/lang/ArrayIndexOutOfBoundsException': 37> (0x000000079572ef58) thrown at [/Users/java_re/workspace/8-2-build-macosx-x86_64/jdk8u181/11358/hotspot/src/share/vm/interpreter/interpreterRuntime.cpp, line 366]
Event: 3.162 Thread 0x00007fcc31a36800 Exception <a 'java/lang/ArrayIndexOutOfBoundsException': 67> (0x0000000795730330) thrown at [/Users/java_re/workspace/8-2-build-macosx-x86_64/jdk8u181/11358/hotspot/src/share/vm/interpreter/interpreterRuntime.cpp, line 366]
Event: 6.492 Thread 0x00007fcc31a36800 Implicit null exception at 0x000000010c958275 to 0x000000010c958485
Event: 6.492 Thread 0x00007fcc31a36800 Implicit null exception at 0x000000010cc546fb to 0x000000010cc54bc1
Event: 6.492 Thread 0x00007fcc31a36800 Implicit null exception at 0x000000010cc1c96f to 0x000000010cc1c9d9

Events (10 events):
Event: 6.534 loading class java/util/IdentityHashMap$KeySet done
Event: 6.536 Executing VM operation: RevokeBias
Event: 6.536 Executing VM operation: RevokeBias done
Event: 6.536 Executing VM operation: RevokeBias
Event: 6.536 Executing VM operation: RevokeBias done
Event: 6.545 Executing VM operation: RevokeBias
Event: 6.545 Executing VM operation: RevokeBias done
Event: 6.545 Executing VM operation: RevokeBias
Event: 6.545 Executing VM operation: RevokeBias done
Event: 7.802 Thread 0x00007fcc3122c800 Thread exited: 0x00007fcc3122c800


Dynamic libraries:
0x00007fff574be000 	/System/Library/Frameworks/Cocoa.framework/Versions/A/Cocoa
0x00007fff63ad7000 	/System/Library/Frameworks/Security.framework/Versions/A/Security
0x00007fff56100000 	/System/Library/Frameworks/ApplicationServices.framework/Versions/A/ApplicationServices
0x00007fff7f91f000 	/usr/lib/libz.1.dylib
0x00007fff7d850000 	/usr/lib/libSystem.B.dylib
0x00007fff7ef09000 	/usr/lib/libobjc.A.dylib
0x00007fff57c71000 	/System/Library/Frameworks/CoreFoundation.framework/Versions/A/CoreFoundation
0x00007fff59dd2000 	/System/Library/Frameworks/Foundation.framework/Versions/C/Foundation
0x00007fff55250000 	/System/Library/Frameworks/AppKit.framework/Versions/C/AppKit
0x00007fff57836000 	/System/Library/Frameworks/CoreData.framework/Versions/A/CoreData
0x00007fff77195000 	/System/Library/PrivateFrameworks/RemoteViewServices.framework/Versions/A/RemoteViewServices
0x00007fff7b8f5000 	/System/Library/PrivateFrameworks/UIFoundation.framework/Versions/A/UIFoundation
0x00007fff6bf9f000 	/System/Library/PrivateFrameworks/DFRFoundation.framework/Versions/A/DFRFoundation
0x00007fff5c43e000 	/System/Library/Frameworks/Metal.framework/Versions/A/Metal
0x00007fff6c13c000 	/System/Library/PrivateFrameworks/DesktopServicesPriv.framework/Versions/A/DesktopServicesPriv
0x00007fff7e456000 	/usr/lib/libenergytrace.dylib
0x00007fff79960000 	/System/Library/PrivateFrameworks/SkyLight.framework/Versions/A/SkyLight
0x00007fff58114000 	/System/Library/Frameworks/CoreGraphics.framework/Versions/A/CoreGraphics
0x00007fff7d84b000 	/usr/lib/libScreenReader.dylib
0x00007fff541ea000 	/System/Library/Frameworks/Accelerate.framework/Versions/A/Accelerate
0x00007fff5a54c000 	/System/Library/Frameworks/IOSurface.framework/Versions/A/IOSurface
0x00007fff5664a000 	/System/Library/Frameworks/AudioToolbox.framework/Versions/A/AudioToolbox
0x00007fff568da000 	/System/Library/Frameworks/AudioUnit.framework/Versions/A/AudioUnit
0x00007fff6c037000 	/System/Library/PrivateFrameworks/DataDetectorsCore.framework/Versions/A/DataDetectorsCore
0x00007fff56fb1000 	/System/Library/Frameworks/Carbon.framework/Versions/A/Frameworks/HIToolbox.framework/Versions/A/HIToolbox
0x00007fff7e5b0000 	/usr/lib/libicucore.A.dylib
0x00007fff63056000 	/System/Library/Frameworks/QuartzCore.framework/Versions/A/QuartzCore
0x00007fff78c17000 	/System/Library/PrivateFrameworks/SignpostNotification.framework/Versions/A/SignpostNotification
0x00007fff57397000 	/System/Library/Frameworks/Carbon.framework/Versions/A/Frameworks/SpeechRecognition.framework/Versions/A/SpeechRecognition
0x00007fff7d9ac000 	/usr/lib/libauto.dylib
0x00007fff7f80e000 	/usr/lib/libxml2.2.dylib
0x00007fff6bbf0000 	/System/Library/PrivateFrameworks/CoreUI.framework/Versions/A/CoreUI
0x00007fff57712000 	/System/Library/Frameworks/CoreAudio.framework/Versions/A/CoreAudio
0x00007fff59c0c000 	/System/Library/Frameworks/DiskArbitration.framework/Versions/A/DiskArbitration
0x00007fff7e824000 	/usr/lib/liblangid.dylib
0x00007fff7369b000 	/System/Library/PrivateFrameworks/MultitouchSupport.framework/Versions/A/MultitouchSupport
0x00007fff5a4af000 	/System/Library/Frameworks/IOKit.framework/Versions/A/IOKit
0x00007fff7d4da000 	/usr/lib/libDiagnosticMessagesClient.dylib
0x00007fff58dea000 	/System/Library/Frameworks/CoreServices.framework/Versions/A/CoreServices
0x00007fff751cd000 	/System/Library/PrivateFrameworks/PerformanceAnalysis.framework/Versions/A/PerformanceAnalysis
0x00007fff621f8000 	/System/Library/Frameworks/OpenGL.framework/Versions/A/OpenGL
0x00007fff574cc000 	/System/Library/Frameworks/ColorSync.framework/Versions/A/ColorSync
0x00007fff58726000 	/System/Library/Frameworks/CoreImage.framework/Versions/A/CoreImage
0x00007fff5977a000 	/System/Library/Frameworks/CoreText.framework/Versions/A/CoreText
0x00007fff5a5aa000 	/System/Library/Frameworks/ImageIO.framework/Versions/A/ImageIO
0x00007fff688e7000 	/System/Library/PrivateFrameworks/Backup.framework/Versions/A/Backup
0x00007fff7d8fc000 	/usr/lib/libarchive.2.dylib
0x00007fff56bfd000 	/System/Library/Frameworks/CFNetwork.framework/Versions/A/CFNetwork
0x00007fff6426a000 	/System/Library/Frameworks/SystemConfiguration.framework/Versions/A/SystemConfiguration
0x00007fff7d403000 	/usr/lib/libCRFSuite.dylib
0x00007fff7da85000 	/usr/lib/libc++.1.dylib
0x00007fff7dadc000 	/usr/lib/libc++abi.dylib
0x00007fff7f9cd000 	/usr/lib/system/libcache.dylib
0x00007fff7f9d2000 	/usr/lib/system/libcommonCrypto.dylib
0x00007fff7f9dd000 	/usr/lib/system/libcompiler_rt.dylib
0x00007fff7f9e5000 	/usr/lib/system/libcopyfile.dylib
0x00007fff7f9ef000 	/usr/lib/system/libcorecrypto.dylib
0x00007fff7fafc000 	/usr/lib/system/libdispatch.dylib
0x00007fff7fb36000 	/usr/lib/system/libdyld.dylib
0x00007fff7fb54000 	/usr/lib/system/libkeymgr.dylib
0x00007fff7fb62000 	/usr/lib/system/liblaunch.dylib
0x00007fff7fb63000 	/usr/lib/system/libmacho.dylib
0x00007fff7fb68000 	/usr/lib/system/libquarantine.dylib
0x00007fff7fb6b000 	/usr/lib/system/libremovefile.dylib
0x00007fff7fb6d000 	/usr/lib/system/libsystem_asl.dylib
0x00007fff7fb85000 	/usr/lib/system/libsystem_blocks.dylib
0x00007fff7fb86000 	/usr/lib/system/libsystem_c.dylib
0x00007fff7fc10000 	/usr/lib/system/libsystem_configuration.dylib
0x00007fff7fc14000 	/usr/lib/system/libsystem_coreservices.dylib
0x00007fff7fc18000 	/usr/lib/system/libsystem_darwin.dylib
0x00007fff7fc1a000 	/usr/lib/system/libsystem_dnssd.dylib
0x00007fff7fc21000 	/usr/lib/system/libsystem_info.dylib
0x00007fff7fc92000 	/usr/lib/system/libsystem_m.dylib
0x00007fff7fcde000 	/usr/lib/system/libsystem_malloc.dylib
0x00007fff7fcfe000 	/usr/lib/system/libsystem_network.dylib
0x00007fff7fe2f000 	/usr/lib/system/libsystem_networkextension.dylib
0x00007fff7fe3a000 	/usr/lib/system/libsystem_notify.dylib
0x00007fff7fe58000 	/usr/lib/system/libsystem_sandbox.dylib
0x00007fff7fe5c000 	/usr/lib/system/libsystem_secinit.dylib
0x00007fff7fc6b000 	/usr/lib/system/libsystem_kernel.dylib
0x00007fff7fe44000 	/usr/lib/system/libsystem_platform.dylib
0x00007fff7fe4c000 	/usr/lib/system/libsystem_pthread.dylib
0x00007fff7fe5e000 	/usr/lib/system/libsystem_symptoms.dylib
0x00007fff7fe66000 	/usr/lib/system/libsystem_trace.dylib
0x00007fff7fe7b000 	/usr/lib/system/libunwind.dylib
0x00007fff7fe81000 	/usr/lib/system/libxpc.dylib
0x00007fff7d316000 	/usr/lib/closure/libclosured.dylib
0x00007fff7da66000 	/usr/lib/libbsm.0.dylib
0x00007fff7fb55000 	/usr/lib/system/libkxld.dylib
0x00007fff7d714000 	/usr/lib/libOpenScriptingUtil.dylib
0x00007fff7ddd5000 	/usr/lib/libcoretls.dylib
0x00007fff7ddee000 	/usr/lib/libcoretls_cfhelpers.dylib
0x00007fff7f30a000 	/usr/lib/libpam.2.dylib
0x00007fff7f431000 	/usr/lib/libsqlite3.dylib
0x00007fff7f7fd000 	/usr/lib/libxar.1.dylib
0x00007fff7da77000 	/usr/lib/libbz2.1.0.dylib
0x00007fff7e826000 	/usr/lib/liblzma.5.dylib
0x00007fff7ed07000 	/usr/lib/libnetwork.dylib
0x00007fff7d8e5000 	/usr/lib/libapple_nghttp2.dylib
0x00007fff7f311000 	/usr/lib/libpcap.A.dylib
0x00007fff7d9ad000 	/usr/lib/libboringssl.dylib
0x00007fff7f798000 	/usr/lib/libusrtcp.dylib
0x00007fff7d8e4000 	/usr/lib/libapple_crypto.dylib
0x00007fff5916d000 	/System/Library/Frameworks/CoreServices.framework/Versions/A/Frameworks/FSEvents.framework/Versions/A/FSEvents
0x00007fff58e60000 	/System/Library/Frameworks/CoreServices.framework/Versions/A/Frameworks/CarbonCore.framework/Versions/A/CarbonCore
0x00007fff59334000 	/System/Library/Frameworks/CoreServices.framework/Versions/A/Frameworks/Metadata.framework/Versions/A/Metadata
0x00007fff593e5000 	/System/Library/Frameworks/CoreServices.framework/Versions/A/Frameworks/OSServices.framework/Versions/A/OSServices
0x00007fff59446000 	/System/Library/Frameworks/CoreServices.framework/Versions/A/Frameworks/SearchKit.framework/Versions/A/SearchKit
0x00007fff58deb000 	/System/Library/Frameworks/CoreServices.framework/Versions/A/Frameworks/AE.framework/Versions/A/AE
0x00007fff59176000 	/System/Library/Frameworks/CoreServices.framework/Versions/A/Frameworks/LaunchServices.framework/Versions/A/LaunchServices
0x00007fff59138000 	/System/Library/Frameworks/CoreServices.framework/Versions/A/Frameworks/DictionaryServices.framework/Versions/A/DictionaryServices
0x00007fff594b5000 	/System/Library/Frameworks/CoreServices.framework/Versions/A/Frameworks/SharedFileList.framework/Versions/A/SharedFileList
0x00007fff5d674000 	/System/Library/Frameworks/NetFS.framework/Versions/A/NetFS
0x00007fff7392c000 	/System/Library/PrivateFrameworks/NetAuth.framework/Versions/A/NetAuth
0x00007fff7d1ad000 	/System/Library/PrivateFrameworks/login.framework/Versions/A/Frameworks/loginsupport.framework/Versions/A/loginsupport
0x00007fff7b572000 	/System/Library/PrivateFrameworks/TCC.framework/Versions/A/TCC
0x00007fff7e907000 	/usr/lib/libmecabra.dylib
0x00007fff56101000 	/System/Library/Frameworks/ApplicationServices.framework/Versions/A/Frameworks/ATS.framework/Versions/A/ATS
0x00007fff564af000 	/System/Library/Frameworks/ApplicationServices.framework/Versions/A/Frameworks/ColorSyncLegacy.framework/Versions/A/ColorSyncLegacy
0x00007fff56553000 	/System/Library/Frameworks/ApplicationServices.framework/Versions/A/Frameworks/HIServices.framework/Versions/A/HIServices
0x00007fff565a6000 	/System/Library/Frameworks/ApplicationServices.framework/Versions/A/Frameworks/LangAnalysis.framework/Versions/A/LangAnalysis
0x00007fff565b5000 	/System/Library/Frameworks/ApplicationServices.framework/Versions/A/Frameworks/PrintCore.framework/Versions/A/PrintCore
0x00007fff56602000 	/System/Library/Frameworks/ApplicationServices.framework/Versions/A/Frameworks/QD.framework/Versions/A/QD
0x00007fff5663d000 	/System/Library/Frameworks/ApplicationServices.framework/Versions/A/Frameworks/SpeechSynthesis.framework/Versions/A/SpeechSynthesis
0x00007fff57b8d000 	/System/Library/Frameworks/CoreDisplay.framework/Versions/A/CoreDisplay
0x00007fff54202000 	/System/Library/Frameworks/Accelerate.framework/Versions/A/Frameworks/vImage.framework/Versions/A/vImage
0x00007fff54f5c000 	/System/Library/Frameworks/Accelerate.framework/Versions/A/Frameworks/vecLib.framework/Versions/A/vecLib
0x00007fff54cfc000 	/System/Library/Frameworks/Accelerate.framework/Versions/A/Frameworks/vecLib.framework/Versions/A/libvDSP.dylib
0x00007fff5485c000 	/System/Library/Frameworks/Accelerate.framework/Versions/A/Frameworks/vecLib.framework/Versions/A/libBNNS.dylib
0x00007fff54c61000 	/System/Library/Frameworks/Accelerate.framework/Versions/A/Frameworks/vecLib.framework/Versions/A/libQuadrature.dylib
0x00007fff54eaa000 	/System/Library/Frameworks/Accelerate.framework/Versions/A/Frameworks/vecLib.framework/Versions/A/libvMisc.dylib
0x00007fff5488b000 	/System/Library/Frameworks/Accelerate.framework/Versions/A/Frameworks/vecLib.framework/Versions/A/libLAPACK.dylib
0x00007fff54701000 	/System/Library/Frameworks/Accelerate.framework/Versions/A/Frameworks/vecLib.framework/Versions/A/libBLAS.dylib
0x00007fff54c4b000 	/System/Library/Frameworks/Accelerate.framework/Versions/A/Frameworks/vecLib.framework/Versions/A/libLinearAlgebra.dylib
0x00007fff54c67000 	/System/Library/Frameworks/Accelerate.framework/Versions/A/Frameworks/vecLib.framework/Versions/A/libSparse.dylib
0x00007fff54ce8000 	/System/Library/Frameworks/Accelerate.framework/Versions/A/Frameworks/vecLib.framework/Versions/A/libSparseBLAS.dylib
0x00007fff7077b000 	/System/Library/PrivateFrameworks/GPUWrangler.framework/Versions/A/GPUWrangler
0x00007fff71f0c000 	/System/Library/PrivateFrameworks/IOAccelerator.framework/Versions/A/IOAccelerator
0x00007fff71f17000 	/System/Library/PrivateFrameworks/IOPresentment.framework/Versions/A/IOPresentment
0x00007fff6bfb1000 	/System/Library/PrivateFrameworks/DSExternalDisplay.framework/Versions/A/DSExternalDisplay
0x00007fff61677000 	/System/Library/Frameworks/OpenGL.framework/Versions/A/Libraries/libCoreFSCache.dylib
0x00007fff598cb000 	/System/Library/Frameworks/CoreVideo.framework/Versions/A/CoreVideo
0x00007fff714f6000 	/System/Library/PrivateFrameworks/GraphVisualizer.framework/Versions/A/GraphVisualizer
0x00007fff5c675000 	/System/Library/Frameworks/MetalPerformanceShaders.framework/Versions/A/MetalPerformanceShaders
0x00007fff7d512000 	/usr/lib/libFosl_dynamic.dylib
0x00007fff6d085000 	/System/Library/PrivateFrameworks/FaceCore.framework/Versions/A/FaceCore
0x00007fff60472000 	/System/Library/Frameworks/OpenCL.framework/Versions/A/OpenCL
0x00007fff7db13000 	/usr/lib/libcompression.dylib
0x00007fff56200000 	/System/Library/Frameworks/ApplicationServices.framework/Versions/A/Frameworks/ATS.framework/Versions/A/Resources/libFontParser.dylib
0x00007fff56323000 	/System/Library/Frameworks/ApplicationServices.framework/Versions/A/Frameworks/ATS.framework/Versions/A/Resources/libFontRegistry.dylib
0x00007fff5a812000 	/System/Library/Frameworks/ImageIO.framework/Versions/A/Resources/libJPEG.dylib
0x00007fff5ab3b000 	/System/Library/Frameworks/ImageIO.framework/Versions/A/Resources/libTIFF.dylib
0x00007fff5ab11000 	/System/Library/Frameworks/ImageIO.framework/Versions/A/Resources/libPng.dylib
0x00007fff5a725000 	/System/Library/Frameworks/ImageIO.framework/Versions/A/Resources/libGIF.dylib
0x00007fff5a72a000 	/System/Library/Frameworks/ImageIO.framework/Versions/A/Resources/libJP2.dylib
0x00007fff5ab38000 	/System/Library/Frameworks/ImageIO.framework/Versions/A/Resources/libRadiance.dylib
0x00007fff68012000 	/System/Library/PrivateFrameworks/AppleJPEG.framework/Versions/A/AppleJPEG
0x00007fff5c4dc000 	/System/Library/Frameworks/MetalPerformanceShaders.framework/Frameworks/MPSCore.framework/Versions/A/MPSCore
0x00007fff5c4f8000 	/System/Library/Frameworks/MetalPerformanceShaders.framework/Frameworks/MPSImage.framework/Versions/A/MPSImage
0x00007fff5c58d000 	/System/Library/Frameworks/MetalPerformanceShaders.framework/Frameworks/MPSNeuralNetwork.framework/Versions/A/MPSNeuralNetwork
0x00007fff5c568000 	/System/Library/Frameworks/MetalPerformanceShaders.framework/Frameworks/MPSMatrix.framework/Versions/A/MPSMatrix
0x00007fff7340d000 	/System/Library/PrivateFrameworks/MetalTools.framework/Versions/A/MetalTools
0x00007fff61842000 	/System/Library/Frameworks/OpenGL.framework/Versions/A/Libraries/libGLU.dylib
0x00007fff61682000 	/System/Library/Frameworks/OpenGL.framework/Versions/A/Libraries/libGFXShared.dylib
0x00007fff6168c000 	/System/Library/Frameworks/OpenGL.framework/Versions/A/Libraries/libGL.dylib
0x00007fff61698000 	/System/Library/Frameworks/OpenGL.framework/Versions/A/Libraries/libGLImage.dylib
0x00007fff61674000 	/System/Library/Frameworks/OpenGL.framework/Versions/A/Libraries/libCVMSPluginSupport.dylib
0x00007fff6167d000 	/System/Library/Frameworks/OpenGL.framework/Versions/A/Libraries/libCoreVMClient.dylib
0x00007fff7e2c0000 	/usr/lib/libcups.2.dylib
0x00007fff5ba43000 	/System/Library/Frameworks/Kerberos.framework/Versions/A/Kerberos
0x00007fff5a209000 	/System/Library/Frameworks/GSS.framework/Versions/A/GSS
0x00007fff7f3c4000 	/usr/lib/libresolv.9.dylib
0x00007fff7e4be000 	/usr/lib/libiconv.2.dylib
0x00007fff71588000 	/System/Library/PrivateFrameworks/Heimdal.framework/Versions/A/Heimdal
0x00007fff7e48d000 	/usr/lib/libheimdal-asn1.dylib
0x00007fff604ea000 	/System/Library/Frameworks/OpenDirectory.framework/Versions/A/OpenDirectory
0x00007fff6a328000 	/System/Library/PrivateFrameworks/CommonAuth.framework/Versions/A/CommonAuth
0x00007fff604cd000 	/System/Library/Frameworks/OpenDirectory.framework/Versions/A/Frameworks/CFOpenDirectory.framework/Versions/A/CFOpenDirectory
0x00007fff63e03000 	/System/Library/Frameworks/SecurityFoundation.framework/Versions/A/SecurityFoundation
0x00007fff671d7000 	/System/Library/PrivateFrameworks/APFS.framework/Versions/A/APFS
0x00007fff7f7f9000 	/usr/lib/libutil.dylib
0x00007fff68095000 	/System/Library/PrivateFrameworks/AppleSauce.framework/Versions/A/AppleSauce
0x00007fff726f4000 	/System/Library/PrivateFrameworks/LinguisticData.framework/Versions/A/LinguisticData
0x00007fff7e840000 	/usr/lib/libmarisa.dylib
0x00007fff726ae000 	/System/Library/PrivateFrameworks/Lexicon.framework/Versions/A/Lexicon
0x00007fff7d43d000 	/usr/lib/libChineseTokenizer.dylib
0x00007fff7db02000 	/usr/lib/libcmph.dylib
0x00007fff725b8000 	/System/Library/PrivateFrameworks/LanguageModeling.framework/Versions/A/LanguageModeling
0x00007fff6ae37000 	/System/Library/PrivateFrameworks/CoreEmoji.framework/Versions/A/CoreEmoji
0x00007fff63ec1000 	/System/Library/Frameworks/ServiceManagement.framework/Versions/A/ServiceManagement
0x00007fff688df000 	/System/Library/PrivateFrameworks/BackgroundTaskManagement.framework/Versions/A/BackgroundTaskManagement
0x00007fff7f8f6000 	/usr/lib/libxslt.1.dylib
0x00007fff572c1000 	/System/Library/Frameworks/Carbon.framework/Versions/A/Frameworks/Ink.framework/Versions/A/Ink
0x00007fff7b787000 	/System/Library/PrivateFrameworks/TextureIO.framework/Versions/A/TextureIO
0x00007fff7d927000 	/usr/lib/libate.dylib
0x00007fff6bf11000 	/System/Library/PrivateFrameworks/CrashReporterSupport.framework/Versions/A/CrashReporterSupport
0x00007fff78ad7000 	/System/Library/PrivateFrameworks/Sharing.framework/Versions/A/Sharing
0x00007fff722f9000 	/System/Library/PrivateFrameworks/IconServices.framework/Versions/A/IconServices
0x00007fff6850f000 	/System/Library/PrivateFrameworks/AuthKit.framework/Versions/A/AuthKit
0x00007fff67e95000 	/System/Library/PrivateFrameworks/Apple80211.framework/Versions/A/Apple80211
0x00007fff6bd26000 	/System/Library/PrivateFrameworks/CoreUtils.framework/Versions/A/CoreUtils
0x00007fff59906000 	/System/Library/Frameworks/CoreWLAN.framework/Versions/A/CoreWLAN
0x00007fff5a34b000 	/System/Library/Frameworks/IOBluetooth.framework/Versions/A/IOBluetooth
0x00007fff76f9c000 	/System/Library/PrivateFrameworks/ProtocolBuffer.framework/Versions/A/ProtocolBuffer
0x00007fff735f6000 	/System/Library/PrivateFrameworks/MobileKeyBag.framework/Versions/A/MobileKeyBag
0x00007fff6b5db000 	/System/Library/PrivateFrameworks/CorePhoneNumbers.framework/Versions/A/CorePhoneNumbers
0x00007fff67fcd000 	/System/Library/PrivateFrameworks/AppleIDAuthSupport.framework/Versions/A/AppleIDAuthSupport
0x00007fff725a4000 	/System/Library/PrivateFrameworks/KeychainCircle.framework/Versions/A/KeychainCircle
0x00007fff6beac000 	/System/Library/PrivateFrameworks/CoreWiFi.framework/Versions/A/CoreWiFi
0x00007fff5780c000 	/System/Library/Frameworks/CoreBluetooth.framework/Versions/A/CoreBluetooth
0x00007fff6c0fb000 	/System/Library/PrivateFrameworks/DebugSymbols.framework/Versions/A/DebugSymbols
0x00007fff6badc000 	/System/Library/PrivateFrameworks/CoreSymbolication.framework/Versions/A/CoreSymbolication
0x00007fff7af78000 	/System/Library/PrivateFrameworks/Symbolication.framework/Versions/A/Symbolication
0x00007fff67ebf000 	/System/Library/PrivateFrameworks/AppleFSCompression.framework/Versions/A/AppleFSCompression
0x00007fff7a3c5000 	/System/Library/PrivateFrameworks/SpeechRecognitionCore.framework/Versions/A/SpeechRecognitionCore
0x0000000109000000 	/Library/Java/JavaVirtualMachines/jdk1.8.0_181.jdk/Contents/Home/jre/lib/server/libjvm.dylib
0x00007fff7f6c6000 	/usr/lib/libstdc++.6.0.9.dylib
0x0000000108775000 	/Library/Java/JavaVirtualMachines/jdk1.8.0_181.jdk/Contents/Home/jre/lib/libverify.dylib
0x0000000108783000 	/Library/Java/JavaVirtualMachines/jdk1.8.0_181.jdk/Contents/Home/jre/lib/libjava.dylib
0x0000000109fbc000 	/Library/Java/JavaVirtualMachines/jdk1.8.0_181.jdk/Contents/Home/jre/lib/libzip.dylib
0x000000012153f000 	/Library/Java/JavaVirtualMachines/jdk1.8.0_181.jdk/Contents/Home/jre/lib/libmanagement.dylib
0x000000012154d000 	/Library/Java/JavaVirtualMachines/jdk1.8.0_181.jdk/Contents/Home/jre/lib/libnet.dylib
0x00000001215ac000 	/Library/Java/JavaVirtualMachines/jdk1.8.0_181.jdk/Contents/Home/jre/lib/libnio.dylib
0x0000000121f60000 	/Library/Java/JavaVirtualMachines/jdk1.8.0_181.jdk/Contents/Home/jre/lib/libsunec.dylib

VM Arguments:
jvm_args: -Dwebdriver.chrome.driver=/Users/alexvizcaino/.nvm/versions/node/v10.4.0/lib/node_modules/polymer-cli/node_modules/selenium-standalone/.selenium/chromedriver/2.40-x64-chromedriver -Dwebdriver.gecko.driver=/Users/alexvizcaino/.nvm/versions/node/v10.4.0/lib/node_modules/polymer-cli/node_modules/selenium-standalone/.selenium/geckodriver/0.20.1-x64-geckodriver 
java_command: /Users/alexvizcaino/.nvm/versions/node/v10.4.0/lib/node_modules/polymer-cli/node_modules/selenium-standalone/.selenium/selenium-server/3.12.0-server.jar -port 61926
java_class_path (initial): /Users/alexvizcaino/.nvm/versions/node/v10.4.0/lib/node_modules/polymer-cli/node_modules/selenium-standalone/.selenium/selenium-server/3.12.0-server.jar
Launcher Type: SUN_STANDARD

Environment Variables:
PATH=/Users/alexvizcaino/Documents/uxland/libs/uxl-polymer2-ts/node_modules/.bin:/Users/alexvizcaino/.nvm/versions/node/v10.4.0/lib/node_modules/npm/node_modules/npm-lifecycle/node-gyp-bin:/Users/alexvizcaino/Documents/uxland/libs/uxl-polymer2-ts/node_modules/.bin:/usr/local/bin:/usr/bin:/bin:/usr/sbin:/sbin:/Users/alexvizcaino/.nvm/versions/node/v10.4.0/bin
SHELL=/bin/bash

Signal Handlers:
SIGSEGV: [libjvm.dylib+0x5b6029], sa_mask[0]=11111111011111110111111111111111, sa_flags=SA_ONSTACK|SA_RESTART|SA_SIGINFO
SIGBUS: [libjvm.dylib+0x5b6029], sa_mask[0]=11111111011111110111111111111111, sa_flags=SA_RESTART|SA_SIGINFO
SIGFPE: [libjvm.dylib+0x48b934], sa_mask[0]=11111111011111110111111111111111, sa_flags=SA_RESTART|SA_SIGINFO
SIGPIPE: [libjvm.dylib+0x48b934], sa_mask[0]=11111111011111110111111111111111, sa_flags=SA_RESTART|SA_SIGINFO
SIGXFSZ: [libjvm.dylib+0x48b934], sa_mask[0]=11111111011111110111111111111111, sa_flags=SA_RESTART|SA_SIGINFO
SIGILL: [libjvm.dylib+0x48b934], sa_mask[0]=11111111011111110111111111111111, sa_flags=SA_RESTART|SA_SIGINFO
SIGUSR1: SIG_DFL, sa_mask[0]=00000000000000000000000000000000, sa_flags=SA_RESTART
SIGUSR2: [libjvm.dylib+0x48b452], sa_mask[0]=00000000000000000000000000000000, sa_flags=SA_RESTART|SA_SIGINFO
SIGHUP: [libjvm.dylib+0x489a1d], sa_mask[0]=11111111011111110111111111111111, sa_flags=SA_RESTART|SA_SIGINFO
SIGINT: [libjvm.dylib+0x489a1d], sa_mask[0]=11111111011111110111111111111111, sa_flags=SA_RESTART|SA_SIGINFO
SIGTERM: [libjvm.dylib+0x489a1d], sa_mask[0]=11111111011111110111111111111111, sa_flags=SA_RESTART|SA_SIGINFO
SIGQUIT: [libjvm.dylib+0x489a1d], sa_mask[0]=11111111011111110111111111111111, sa_flags=SA_RESTART|SA_SIGINFO


---------------  S Y S T E M  ---------------

OS:Bsduname:Darwin 17.7.0 Darwin Kernel Version 17.7.0: Thu Jun 21 22:53:14 PDT 2018; root:xnu-4570.71.2~1/RELEASE_X86_64 x86_64
rlimit: STACK 8192k, CORE 0k, NPROC 709, NOFILE 10240, AS infinity
load average:2.81 3.16 2.91

CPU:total 4 (initial active 4) (2 cores per cpu, 2 threads per core) family 6 model 78 stepping 3, cmov, cx8, fxsr, mmx, sse, sse2, sse3, ssse3, sse4.1, sse4.2, popcnt, avx, avx2, aes, clmul, erms, 3dnowpref, lzcnt, ht, tsc, tscinvbit, bmi1, bmi2, adx

Memory: 4k page, physical 8388608k(500176k free)

/proc/meminfo:


vm_info: Java HotSpot(TM) 64-Bit Server VM (25.181-b13) for bsd-amd64 JRE (1.8.0_181-b13), built on Jul  7 2018 01:02:31 by "java_re" with gcc 4.2.1 (Based on Apple Inc. build 5658) (LLVM build 2336.11.00)

time: Thu Aug  2 09:12:44 2018
elapsed time: 12 seconds (0d 0h 0m 12s)

